<?xml version="1.0" encoding="UTF-8"?>
<!-- Generated by org.testng.reporters.JUnitXMLReporter -->
<testsuite ignored="0" hostname="DESKTOP-9QSCV6P" failures="0" tests="5" name="Default test" time="0.062" errors="0" timestamp="2022-05-20T11:52:25 IST">
  <testcase classname="Automation.Cucumber.MavenTest" name="Test1" time="0.008"/>
  <testcase classname="Automation.Cucumber.MavenTest" name="Test2" time="0.001"/>
  <testcase classname="Automation.Cucumber.MavenTest" name="Test3" time="0.001"/>
  <testcase classname="Automation.Cucumber.MavenTest" name="Test4" time="0.002"/>
  <testcase classname="Automation.Cucumber.MavenTest" name="Test5" time="0.002"/>
</testsuite> <!-- Default test -->
