<?xml version="1.0" encoding="UTF-8"?>
<!-- Generated by org.testng.reporters.JUnitXMLReporter -->
<testsuite hostname="DESKTOP-9QSCV6P" ignored="0" name="PackageTest" tests="15" failures="0" timestamp="2022-05-20T13:17:39 IST" time="0.05" errors="0">
  <testcase name="Test1" time="0.0" classname="Automation.Cucumber.MavenTest"/>
  <testcase name="Test2" time="0.0" classname="Automation.Cucumber.MavenTest"/>
  <testcase name="Test3" time="0.0" classname="Automation.Cucumber.MavenTest"/>
  <testcase name="Test4" time="0.0" classname="Automation.Cucumber.MavenTest"/>
  <testcase name="Test5" time="0.0" classname="Automation.Cucumber.MavenTest"/>
  <testcase name="Test11" time="0.005" classname="Automation.Cucumber.MavenTest2"/>
  <testcase name="Test12" time="0.0" classname="Automation.Cucumber.MavenTest2"/>
  <testcase name="Test13" time="0.0" classname="Automation.Cucumber.MavenTest2"/>
  <testcase name="Test14" time="0.006" classname="Automation.Cucumber.MavenTest2"/>
  <testcase name="Test15" time="0.0" classname="Automation.Cucumber.MavenTest2"/>
  <testcase name="Test10" time="0.003" classname="Automation.Cucumber.MavenTest3"/>
  <testcase name="Test6" time="0.0" classname="Automation.Cucumber.MavenTest3"/>
  <testcase name="Test7" time="0.0" classname="Automation.Cucumber.MavenTest3"/>
  <testcase name="Test8" time="0.0" classname="Automation.Cucumber.MavenTest3"/>
  <testcase name="Test9" time="0.004" classname="Automation.Cucumber.MavenTest3"/>
</testsuite> <!-- PackageTest -->
