<?xml version="1.0" encoding="UTF-8"?>
<testng-results ignored="0" total="2" passed="2" failed="0" skipped="0">
  <reporter-output>
  </reporter-output>
  <suite started-at="2022-05-20T22:37:26 IST" name="Suite" finished-at="2022-05-20T22:37:44 IST" duration-ms="17140">
    <groups>
    </groups>
    <test started-at="2022-05-20T22:37:26 IST" name="PackageTest" finished-at="2022-05-20T22:37:44 IST" duration-ms="17140">
      <class name="jenkinsTest.jenkinTest">
        <test-method signature="myTest1()[pri:0, instance:jenkinsTest.jenkinTest@4fe767f3]" started-at="2022-05-20T22:37:27 IST" name="myTest1" finished-at="2022-05-20T22:37:33 IST" duration-ms="6630" status="PASS">
          <reporter-output>
          </reporter-output>
        </test-method> <!-- myTest1 -->
        <test-method is-config="true" signature="tearDown()[pri:0, instance:jenkinsTest.jenkinTest@4fe767f3]" started-at="2022-05-20T22:37:33 IST" name="tearDown" finished-at="2022-05-20T22:37:37 IST" duration-ms="4301" status="PASS">
          <reporter-output>
          </reporter-output>
        </test-method> <!-- tearDown -->
        <test-method signature="myTest2()[pri:0, instance:jenkinsTest.jenkinTest@4fe767f3]" started-at="2022-05-20T22:37:37 IST" name="myTest2" finished-at="2022-05-20T22:37:43 IST" duration-ms="5835" status="PASS">
          <reporter-output>
          </reporter-output>
        </test-method> <!-- myTest2 -->
        <test-method is-config="true" signature="tearDown()[pri:0, instance:jenkinsTest.jenkinTest@4fe767f3]" started-at="2022-05-20T22:37:43 IST" name="tearDown" finished-at="2022-05-20T22:37:44 IST" duration-ms="287" status="PASS">
          <reporter-output>
          </reporter-output>
        </test-method> <!-- tearDown -->
      </class> <!-- jenkinsTest.jenkinTest -->
    </test> <!-- PackageTest -->
  </suite> <!-- Suite -->
</testng-results>
