<?xml version="1.0" encoding="UTF-8"?>
<testng-results ignored="0" total="2" passed="2" failed="0" skipped="0">
  <reporter-output>
  </reporter-output>
  <suite started-at="2022-05-20T22:36:53 IST" name="Suite" finished-at="2022-05-20T22:37:09 IST" duration-ms="16355">
    <groups>
    </groups>
    <test started-at="2022-05-20T22:36:53 IST" name="PackageTest" finished-at="2022-05-20T22:37:09 IST" duration-ms="16355">
      <class name="jenkinsTest.jenkinTest">
        <test-method signature="myTest1()[pri:0, instance:jenkinsTest.jenkinTest@5be6e01c]" started-at="2022-05-20T22:36:53 IST" name="myTest1" finished-at="2022-05-20T22:36:59 IST" duration-ms="6242" status="PASS">
          <reporter-output>
          </reporter-output>
        </test-method> <!-- myTest1 -->
        <test-method is-config="true" signature="tearDown()[pri:0, instance:jenkinsTest.jenkinTest@5be6e01c]" started-at="2022-05-20T22:36:59 IST" name="tearDown" finished-at="2022-05-20T22:37:03 IST" duration-ms="4490" status="PASS">
          <reporter-output>
          </reporter-output>
        </test-method> <!-- tearDown -->
        <test-method signature="myTest2()[pri:0, instance:jenkinsTest.jenkinTest@5be6e01c]" started-at="2022-05-20T22:37:03 IST" name="myTest2" finished-at="2022-05-20T22:37:09 IST" duration-ms="5430" status="PASS">
          <reporter-output>
          </reporter-output>
        </test-method> <!-- myTest2 -->
        <test-method is-config="true" signature="tearDown()[pri:0, instance:jenkinsTest.jenkinTest@5be6e01c]" started-at="2022-05-20T22:37:09 IST" name="tearDown" finished-at="2022-05-20T22:37:09 IST" duration-ms="82" status="PASS">
          <reporter-output>
          </reporter-output>
        </test-method> <!-- tearDown -->
      </class> <!-- jenkinsTest.jenkinTest -->
    </test> <!-- PackageTest -->
  </suite> <!-- Suite -->
</testng-results>
