<?xml version="1.0" encoding="UTF-8"?>
<testng-results ignored="0" total="5" passed="5" failed="0" skipped="0">
  <reporter-output>
  </reporter-output>
  <suite started-at="2022-05-20T11:52:25 IST" name="Default suite" finished-at="2022-05-20T11:52:25 IST" duration-ms="62">
    <groups>
    </groups>
    <test started-at="2022-05-20T11:52:25 IST" name="Default test" finished-at="2022-05-20T11:52:25 IST" duration-ms="62">
      <class name="Automation.Cucumber.MavenTest">
        <test-method signature="Test1()[pri:0, instance:Automation.Cucumber.MavenTest@2f8dad04]" started-at="2022-05-20T11:52:25 IST" name="Test1" finished-at="2022-05-20T11:52:25 IST" duration-ms="8" status="PASS">
          <reporter-output>
          </reporter-output>
        </test-method> <!-- Test1 -->
        <test-method signature="Test2()[pri:0, instance:Automation.Cucumber.MavenTest@2f8dad04]" started-at="2022-05-20T11:52:25 IST" name="Test2" finished-at="2022-05-20T11:52:25 IST" duration-ms="1" status="PASS">
          <reporter-output>
          </reporter-output>
        </test-method> <!-- Test2 -->
        <test-method signature="Test3()[pri:0, instance:Automation.Cucumber.MavenTest@2f8dad04]" started-at="2022-05-20T11:52:25 IST" name="Test3" finished-at="2022-05-20T11:52:25 IST" duration-ms="1" status="PASS">
          <reporter-output>
          </reporter-output>
        </test-method> <!-- Test3 -->
        <test-method signature="Test4()[pri:0, instance:Automation.Cucumber.MavenTest@2f8dad04]" started-at="2022-05-20T11:52:25 IST" name="Test4" finished-at="2022-05-20T11:52:25 IST" duration-ms="2" status="PASS">
          <reporter-output>
          </reporter-output>
        </test-method> <!-- Test4 -->
        <test-method signature="Test5()[pri:0, instance:Automation.Cucumber.MavenTest@2f8dad04]" started-at="2022-05-20T11:52:25 IST" name="Test5" finished-at="2022-05-20T11:52:25 IST" duration-ms="2" status="PASS">
          <reporter-output>
          </reporter-output>
        </test-method> <!-- Test5 -->
      </class> <!-- Automation.Cucumber.MavenTest -->
    </test> <!-- Default test -->
  </suite> <!-- Default suite -->
</testng-results>
